--------------------------------------------------------------------------------
Akash Kank Process Logger : Mon Nov 20 00:26:55 2023
--------------------------------------------------------------------------------
{'name': 'System Idle Process', 'username': 'NT AUTHORITY\\SYSTEM', 'pid': 0, 'vms': 0.05859375}
{'name': 'System', 'username': 'NT AUTHORITY\\SYSTEM', 'pid': 4, 'vms': 0.0703125}
{'name': 'Registry', 'username': None, 'pid': 108, 'vms': 23.640625}
{'name': 'msedge.exe', 'username': 'LAPTOP-FE5Q8M4N\\HP', 'pid': 128, 'vms': 67.984375}
{'name': 'smss.exe', 'username': None, 'pid': 544, 'vms': 1.09765625}
{'name': 'wininit.exe', 'username': None, 'pid': 888, 'vms': 1.5390625}
{'name': 'svchost.exe', 'username': None, 'pid': 920, 'vms': 2.53515625}
{'name': 'csrss.exe', 'username': None, 'pid': 976, 'vms': 2.3203125}
{'name': 'services.exe', 'username': None, 'pid': 1056, 'vms': 5.74609375}
{'name': 'svchost.exe', 'username': None, 'pid': 1112, 'vms': 9.0703125}
{'name': 'svchost.exe', 'username': 'LAPTOP-FE5Q8M4N\\HP', 'pid': 1116, 'vms': 2.0859375}
{'name': 'lsass.exe', 'username': None, 'pid': 1148, 'vms': 8.62890625}
{'name': 'MMSSHOST.exe', 'username': None, 'pid': 1260, 'vms': 35.98828125}
{'name': 'svchost.exe', 'username': None, 'pid': 1272, 'vms': 14.734375}
{'name': 'fontdrvhost.exe', 'username': None, 'pid': 1300, 'vms': 2.328125}
{'name': 'mcapexe.exe', 'username': None, 'pid': 1360, 'vms': 2.5859375}
{'name': 'mcshield.exe', 'username': None, 'pid': 1364, 'vms': 33.14453125}
{'name': 'svchost.exe', 'username': None, 'pid': 1404, 'vms': 11.546875}
{'name': 'svchost.exe', 'username': None, 'pid': 1452, 'vms': 1.61328125}
{'name': 'svchost.exe', 'username': None, 'pid': 1456, 'vms': 3.39453125}
{'name': 'svchost.exe', 'username': None, 'pid': 1524, 'vms': 3.1875}
{'name': 'svchost.exe', 'username': None, 'pid': 1556, 'vms': 1.7890625}
{'name': 'svchost.exe', 'username': None, 'pid': 1568, 'vms': 2.5859375}
{'name': 'svchost.exe', 'username': None, 'pid': 1580, 'vms': 3.375}
{'name': 'svchost.exe', 'username': None, 'pid': 1652, 'vms': 2.95703125}
{'name': 'svchost.exe', 'username': None, 'pid': 1660, 'vms': 1.9921875}
{'name': 'csrss.exe', 'username': None, 'pid': 1704, 'vms': 10.84765625}
{'name': 'svchost.exe', 'username': None, 'pid': 1808, 'vms': 2.203125}
{'name': 'svchost.exe', 'username': None, 'pid': 1912, 'vms': 2.7421875}
{'name': 'svchost.exe', 'username': None, 'pid': 1928, 'vms': 7.95703125}
{'name': 'svchost.exe', 'username': None, 'pid': 1960, 'vms': 1.28125}
{'name': 'svchost.exe', 'username': None, 'pid': 1972, 'vms': 2.6796875}
{'name': 'svchost.exe', 'username': None, 'pid': 2156, 'vms': 3.63671875}
{'name': 'svchost.exe', 'username': None, 'pid': 2164, 'vms': 1.703125}
{'name': 'Code.exe', 'username': 'LAPTOP-FE5Q8M4N\\HP', 'pid': 2196, 'vms': 36.3046875}
{'name': 'svchost.exe', 'username': None, 'pid': 2224, 'vms': 1.671875}
{'name': 'MfeAVSvc.exe', 'username': None, 'pid': 2252, 'vms': 18.328125}
{'name': 'svchost.exe', 'username': None, 'pid': 2356, 'vms': 1.8671875}
{'name': 'svchost.exe', 'username': None, 'pid': 2364, 'vms': 3.31640625}
{'name': 'SystemSettings.exe', 'username': 'LAPTOP-FE5Q8M4N\\HP', 'pid': 2436, 'vms': 67.453125}
{'name': 'svchost.exe', 'username': None, 'pid': 2480, 'vms': 1.8671875}
{'name': 'dasHost.exe', 'username': None, 'pid': 2532, 'vms': 1.2734375}
{'name': 'AppHelperCap.exe', 'username': None, 'pid': 2584, 'vms': 6.5859375}
{'name': 'DiagsCap.exe', 'username': None, 'pid': 2600, 'vms': 10.6484375}
{'name': 'NetworkCap.exe', 'username': None, 'pid': 2616, 'vms': 5.34375}
{'name': 'SysInfoCap.exe', 'username': None, 'pid': 2648, 'vms': 13.66015625}
{'name': 'svchost.exe', 'username': None, 'pid': 2672, 'vms': 10.21875}
{'name': 'svchost.exe', 'username': None, 'pid': 2788, 'vms': 3.03125}
{'name': 'TouchpointAnalyticsClientService.exe', 'username': None, 'pid': 2800, 'vms': 38.4609375}
{'name': 'svchost.exe', 'username': None, 'pid': 2824, 'vms': 7.9921875}
{'name': 'svchost.exe', 'username': None, 'pid': 2944, 'vms': 6.17578125}
{'name': 'svchost.exe', 'username': None, 'pid': 3080, 'vms': 2.5625}
{'name': 'svchost.exe', 'username': None, 'pid': 3104, 'vms': 1.9296875}
{'name': 'svchost.exe', 'username': None, 'pid': 3192, 'vms': 16.0390625}
{'name': 'dllhost.exe', 'username': 'LAPTOP-FE5Q8M4N\\HP', 'pid': 3352, 'vms': 1.39453125}
{'name': 'WmiPrvSE.exe', 'username': None, 'pid': 3356, 'vms': 13.82421875}
{'name': 'msedgewebview2.exe', 'username': 'LAPTOP-FE5Q8M4N\\HP', 'pid': 3408, 'vms': 9.5859375}
{'name': 'chrome.exe', 'username': 'LAPTOP-FE5Q8M4N\\HP', 'pid': 3416, 'vms': 12.19921875}
{'name': 'unsecapp.exe', 'username': None, 'pid': 3472, 'vms': 2.18359375}
{'name': 'svchost.exe', 'username': None, 'pid': 3480, 'vms': 1.8671875}
{'name': 'WmiPrvSE.exe', 'username': None, 'pid': 3540, 'vms': 9.26953125}
{'name': 'RuntimeBroker.exe', 'username': 'LAPTOP-FE5Q8M4N\\HP', 'pid': 3596, 'vms': 8.10546875}
{'name': 'svchost.exe', 'username': None, 'pid': 3720, 'vms': 1.21484375}
{'name': 'amdfendrsr.exe', 'username': None, 'pid': 3792, 'vms': 2.2421875}
{'name': 'atiesrxx.exe', 'username': None, 'pid': 3800, 'vms': 1.6484375}
{'name': 'svchost.exe', 'username': None, 'pid': 3816, 'vms': 17.80078125}
{'name': 'svchost.exe', 'username': None, 'pid': 3848, 'vms': 5.8203125}
{'name': 'svchost.exe', 'username': None, 'pid': 3928, 'vms': 1.78515625}
{'name': 'svchost.exe', 'username': None, 'pid': 3936, 'vms': 2.58203125}
{'name': 'svchost.exe', 'username': None, 'pid': 3952, 'vms': 1.17578125}
{'name': 'MemCompression', 'username': None, 'pid': 4008, 'vms': 1.80859375}
{'name': 'RuntimeBroker.exe', 'username': 'LAPTOP-FE5Q8M4N\\HP', 'pid': 4016, 'vms': 16.2890625}
{'name': 'svchost.exe', 'username': None, 'pid': 4028, 'vms': 1.88671875}
{'name': 'svchost.exe', 'username': None, 'pid': 4036, 'vms': 1.71875}
{'name': 'svchost.exe', 'username': None, 'pid': 4124, 'vms': 3.51171875}
{'name': 'dllhost.exe', 'username': 'LAPTOP-FE5Q8M4N\\HP', 'pid': 4136, 'vms': 6.21484375}
{'name': 'RtkBtManServ.exe', 'username': None, 'pid': 4144, 'vms': 2.015625}
{'name': 'svchost.exe', 'username': None, 'pid': 4152, 'vms': 1.40234375}
{'name': 'svchost.exe', 'username': None, 'pid': 4208, 'vms': 2.5859375}
{'name': 'svchost.exe', 'username': None, 'pid': 4216, 'vms': 2.390625}
{'name': 'svchost.exe', 'username': None, 'pid': 4224, 'vms': 9.546875}
{'name': 'svchost.exe', 'username': None, 'pid': 4244, 'vms': 2.6328125}
{'name': 'msedge.exe', 'username': 'LAPTOP-FE5Q8M4N\\HP', 'pid': 4312, 'vms': 17.76953125}
{'name': 'Code.exe', 'username': 'LAPTOP-FE5Q8M4N\\HP', 'pid': 4332, 'vms': 89.69140625}
{'name': 'svchost.exe', 'username': None, 'pid': 4420, 'vms': 1.75}
{'name': 'svchost.exe', 'username': None, 'pid': 4492, 'vms': 9.2265625}
{'name': 'svchost.exe', 'username': None, 'pid': 4512, 'vms': 2.41015625}
{'name': 'spoolsv.exe', 'username': None, 'pid': 4536, 'vms': 8.51171875}
{'name': 'svchost.exe', 'username': None, 'pid': 4572, 'vms': 18.29296875}
{'name': 'backgroundTaskHost.exe', 'username': 'LAPTOP-FE5Q8M4N\\HP', 'pid': 4660, 'vms': 5.28515625}
{'name': 'SECOMN64.exe', 'username': None, 'pid': 4696, 'vms': 5.41015625}
{'name': 'QcShm.exe', 'username': None, 'pid': 4736, 'vms': 3.0625}
{'name': 'armsvc.exe', 'username': None, 'pid': 4792, 'vms': 1.640625}
{'name': 'svchost.exe', 'username': None, 'pid': 4804, 'vms': 20.640625}
{'name': 'svchost.exe', 'username': None, 'pid': 4824, 'vms': 33.02734375}
{'name': 'ETDService.exe', 'username': None, 'pid': 4840, 'vms': 1.41015625}
{'name': 'nssm.exe', 'username': None, 'pid': 4860, 'vms': 1.9609375}
{'name': 'mcafee-security-ft.exe', 'username': 'LAPTOP-FE5Q8M4N\\HP', 'pid': 4880, 'vms': 2.828125}
{'name': 'svchost.exe', 'username': None, 'pid': 4912, 'vms': 2.83203125}
{'name': 'HPCommRecovery.exe', 'username': None, 'pid': 4920, 'vms': 13.7421875}
{'name': 'sqlwriter.exe', 'username': None, 'pid': 4928, 'vms': 1.79296875}
{'name': 'mfemms.exe', 'username': None, 'pid': 4956, 'vms': 5.13671875}
{'name': 'ModuleCoreService.exe', 'username': None, 'pid': 4988, 'vms': 6.6171875}
{'name': 'sqlservr.exe', 'username': None, 'pid': 5012, 'vms': 132.609375}
{'name': 'svchost.exe', 'username': None, 'pid': 5020, 'vms': 15.62109375}
{'name': 'svchost.exe', 'username': None, 'pid': 5044, 'vms': 2.15625}
{'name': 'mysqld.exe', 'username': None, 'pid': 5060, 'vms': 32.56640625}
{'name': 'PEFService.exe', 'username': None, 'pid': 5088, 'vms': 17.92578125}
{'name': 'svchost.exe', 'username': None, 'pid': 5096, 'vms': 1.5859375}
{'name': 'RtkAudUService64.exe', 'username': None, 'pid': 5112, 'vms': 5.5078125}
{'name': 'cncmd.exe', 'username': 'LAPTOP-FE5Q8M4N\\HP', 'pid': 5208, 'vms': 1.5546875}
{'name': 'svchost.exe', 'username': None, 'pid': 5260, 'vms': 1.2421875}
{'name': 'WildTangentHelperService.exe', 'username': None, 'pid': 5272, 'vms': 6.12109375}
{'name': 'MsMpEng.exe', 'username': None, 'pid': 5284, 'vms': 281.5546875}
{'name': 'expressvpnd.exe', 'username': None, 'pid': 5308, 'vms': 13.96484375}
{'name': 'svchost.exe', 'username': None, 'pid': 5336, 'vms': 4.4765625}
{'name': 'CptService.exe', 'username': None, 'pid': 5352, 'vms': 1.765625}
{'name': 'conhost.exe', 'username': None, 'pid': 5452, 'vms': 5.56640625}
{'name': 'git-bash.exe', 'username': 'LAPTOP-FE5Q8M4N\\HP', 'pid': 5760, 'vms': 1.375}
{'name': 'mysqld.exe', 'username': None, 'pid': 5860, 'vms': 567.5}
{'name': 'conhost.exe', 'username': None, 'pid': 5884, 'vms': 5.4921875}
{'name': 'msedgewebview2.exe', 'username': 'LAPTOP-FE5Q8M4N\\HP', 'pid': 5924, 'vms': 2.0078125}
{'name': 'svchost.exe', 'username': None, 'pid': 5948, 'vms': 3.3046875}
{'name': 'mfevtps.exe', 'username': None, 'pid': 6164, 'vms': 5.98828125}
{'name': 'svchost.exe', 'username': None, 'pid': 6196, 'vms': 2.2265625}
{'name': 'ModuleCoreService.exe', 'username': None, 'pid': 6200, 'vms': 32.6640625}
{'name': 'svchost.exe', 'username': 'LAPTOP-FE5Q8M4N\\HP', 'pid': 6244, 'vms': 5.0546875}
{'name': 'ProtectedModuleHost.exe', 'username': None, 'pid': 6276, 'vms': 4.4453125}
{'name': 'taskhostw.exe', 'username': 'LAPTOP-FE5Q8M4N\\HP', 'pid': 6656, 'vms': 3.01953125}
{'name': 'AggregatorHost.exe', 'username': None, 'pid': 6812, 'vms': 2.31640625}
{'name': 'conhost.exe', 'username': None, 'pid': 7000, 'vms': 5.0859375}
{'name': 'svchost.exe', 'username': None, 'pid': 7472, 'vms': 1.60546875}
{'name': 'svchost.exe', 'username': None, 'pid': 7652, 'vms': 3.703125}
{'name': 'McCSPServiceHost.exe', 'username': None, 'pid': 7940, 'vms': 8.046875}
{'name': 'XboxGameBarSpotify.exe', 'username': 'LAPTOP-FE5Q8M4N\\HP', 'pid': 8028, 'vms': 17.6484375}
{'name': 'svchost.exe', 'username': None, 'pid': 8032, 'vms': 1.59765625}
{'name': 'svchost.exe', 'username': None, 'pid': 8440, 'vms': 2.41015625}
{'name': 'NisSrv.exe', 'username': None, 'pid': 8548, 'vms': 3.66796875}
{'name': 'servicehost.exe', 'username': None, 'pid': 8632, 'vms': 27.25}
{'name': 'SecurityHealthSystray.exe', 'username': 'LAPTOP-FE5Q8M4N\\HP', 'pid': 9016, 'vms': 1.73046875}
{'name': 'svchost.exe', 'username': None, 'pid': 9120, 'vms': 5.4609375}
{'name': 'chrome.exe', 'username': 'LAPTOP-FE5Q8M4N\\HP', 'pid': 9128, 'vms': 21.453125}
{'name': 'svchost.exe', 'username': None, 'pid': 9172, 'vms': 3.765625}
{'name': 'msteams.exe', 'username': 'LAPTOP-FE5Q8M4N\\HP', 'pid': 9204, 'vms': 13.30078125}
{'name': 'svchost.exe', 'username': None, 'pid': 9304, 'vms': 3.33984375}
{'name': 'ExpressVPNNotificationService.exe', 'username': 'LAPTOP-FE5Q8M4N\\HP', 'pid': 9320, 'vms': 24.4765625}
{'name': 'ctfmon.exe', 'username': 'LAPTOP-FE5Q8M4N\\HP', 'pid': 9540, 'vms': 59.828125}
{'name': 'RtkAudUService64.exe', 'username': None, 'pid': 9708, 'vms': 4.61328125}
{'name': 'svchost.exe', 'username': None, 'pid': 9924, 'vms': 2.34765625}
{'name': 'HPAudioSwitch.exe', 'username': 'LAPTOP-FE5Q8M4N\\HP', 'pid': 10252, 'vms': 32.21484375}
{'name': 'Video.UI.exe', 'username': 'LAPTOP-FE5Q8M4N\\HP', 'pid': 10256, 'vms': 18.3671875}
{'name': 'Code.exe', 'username': 'LAPTOP-FE5Q8M4N\\HP', 'pid': 10284, 'vms': 183.078125}
{'name': 'chrome.exe', 'username': 'LAPTOP-FE5Q8M4N\\HP', 'pid': 10524, 'vms': 149.125}
{'name': 'RtkAudUService64.exe', 'username': 'LAPTOP-FE5Q8M4N\\HP', 'pid': 10624, 'vms': 4.8828125}
{'name': 'svchost.exe', 'username': None, 'pid': 10912, 'vms': 3.328125}
{'name': 'ETDCtrl.exe', 'username': 'LAPTOP-FE5Q8M4N\\HP', 'pid': 11080, 'vms': 7.125}
{'name': 'svchost.exe', 'username': 'LAPTOP-FE5Q8M4N\\HP', 'pid': 11108, 'vms': 2.3046875}
{'name': 'chrome.exe', 'username': 'LAPTOP-FE5Q8M4N\\HP', 'pid': 11132, 'vms': 105.23828125}
{'name': 'fontdrvhost.exe', 'username': None, 'pid': 11188, 'vms': 4.60546875}
{'name': 'dwm.exe', 'username': None, 'pid': 11200, 'vms': 153.51171875}
{'name': 'UserOOBEBroker.exe', 'username': 'LAPTOP-FE5Q8M4N\\HP', 'pid': 11240, 'vms': 1.77734375}
{'name': 'OpenConsole.exe', 'username': 'LAPTOP-FE5Q8M4N\\HP', 'pid': 11300, 'vms': 2.1640625}
{'name': 'conhost.exe', 'username': 'LAPTOP-FE5Q8M4N\\HP', 'pid': 11372, 'vms': 5.18359375}
{'name': 'dllhost.exe', 'username': 'LAPTOP-FE5Q8M4N\\HP', 'pid': 11384, 'vms': 8.015625}
{'name': 'WindowsTerminal.exe', 'username': 'LAPTOP-FE5Q8M4N\\HP', 'pid': 11516, 'vms': 55.13671875}
{'name': 'RuntimeBroker.exe', 'username': 'LAPTOP-FE5Q8M4N\\HP', 'pid': 11532, 'vms': 5.15625}
{'name': 'StartMenuExperienceHost.exe', 'username': 'LAPTOP-FE5Q8M4N\\HP', 'pid': 11552, 'vms': 64.45703125}
{'name': 'sihost.exe', 'username': 'LAPTOP-FE5Q8M4N\\HP', 'pid': 11688, 'vms': 6.921875}
{'name': 'HPSystemEventUtilityHost.exe', 'username': 'LAPTOP-FE5Q8M4N\\HP', 'pid': 11716, 'vms': 777.8046875}
{'name': 'powershell.exe', 'username': 'LAPTOP-FE5Q8M4N\\HP', 'pid': 11748, 'vms': 54.1484375}
{'name': 'Widgets.exe', 'username': 'LAPTOP-FE5Q8M4N\\HP', 'pid': 11844, 'vms': 13.66796875}
{'name': 'chrome.exe', 'username': 'LAPTOP-FE5Q8M4N\\HP', 'pid': 11876, 'vms': 119.05078125}
{'name': 'AMDRSServ.exe', 'username': 'LAPTOP-FE5Q8M4N\\HP', 'pid': 11996, 'vms': 5.51171875}
{'name': 'svchost.exe', 'username': 'LAPTOP-FE5Q8M4N\\HP', 'pid': 12048, 'vms': 1.88671875}
{'name': 'svchost.exe', 'username': 'LAPTOP-FE5Q8M4N\\HP', 'pid': 12052, 'vms': 8.05859375}
{'name': 'McPvTray.exe', 'username': 'LAPTOP-FE5Q8M4N\\HP', 'pid': 12148, 'vms': 4.32421875}
{'name': 'LocationNotificationWindows.exe', 'username': 'LAPTOP-FE5Q8M4N\\HP', 'pid': 12176, 'vms': 1.578125}
{'name': 'chrome.exe', 'username': 'LAPTOP-FE5Q8M4N\\HP', 'pid': 12276, 'vms': 6.421875}
{'name': 'msedgewebview2.exe', 'username': 'LAPTOP-FE5Q8M4N\\HP', 'pid': 12296, 'vms': 35.75}
{'name': 'Code.exe', 'username': 'LAPTOP-FE5Q8M4N\\HP', 'pid': 12416, 'vms': 23.4765625}
{'name': 'svchost.exe', 'username': 'LAPTOP-FE5Q8M4N\\HP', 'pid': 12500, 'vms': 1.91015625}
{'name': 'msedgewebview2.exe', 'username': 'LAPTOP-FE5Q8M4N\\HP', 'pid': 12540, 'vms': 64.55859375}
{'name': 'explorer.exe', 'username': 'LAPTOP-FE5Q8M4N\\HP', 'pid': 12628, 'vms': 549.890625}
{'name': 'svchost.exe', 'username': 'LAPTOP-FE5Q8M4N\\HP', 'pid': 12636, 'vms': 8.53125}
{'name': 'svchost.exe', 'username': 'LAPTOP-FE5Q8M4N\\HP', 'pid': 12740, 'vms': 3.6328125}
{'name': 'Code.exe', 'username': 'LAPTOP-FE5Q8M4N\\HP', 'pid': 12888, 'vms': 89.64453125}
{'name': 'msedge.exe', 'username': 'LAPTOP-FE5Q8M4N\\HP', 'pid': 13136, 'vms': 20.58203125}
{'name': 'atieclxx.exe', 'username': None, 'pid': 13216, 'vms': 3.92578125}
{'name': 'RuntimeBroker.exe', 'username': 'LAPTOP-FE5Q8M4N\\HP', 'pid': 13292, 'vms': 2.50390625}
{'name': 'svchost.exe', 'username': None, 'pid': 13568, 'vms': 3.671875}
{'name': 'msedgewebview2.exe', 'username': 'LAPTOP-FE5Q8M4N\\HP', 'pid': 13652, 'vms': 2.03515625}
{'name': 'svchost.exe', 'username': None, 'pid': 13856, 'vms': 7.5}
{'name': 'msedge.exe', 'username': 'LAPTOP-FE5Q8M4N\\HP', 'pid': 13952, 'vms': 6.6015625}
{'name': 'ShellExperienceHost.exe', 'username': 'LAPTOP-FE5Q8M4N\\HP', 'pid': 13996, 'vms': 20.38671875}
{'name': 'SECOCL64.exe', 'username': 'LAPTOP-FE5Q8M4N\\HP', 'pid': 14132, 'vms': 2.1953125}
{'name': 'chrome.exe', 'username': 'LAPTOP-FE5Q8M4N\\HP', 'pid': 14200, 'vms': 110.8515625}
{'name': 'WidgetService.exe', 'username': 'LAPTOP-FE5Q8M4N\\HP', 'pid': 14240, 'vms': 4.66015625}
{'name': 'ModuleCoreService.exe', 'username': 'LAPTOP-FE5Q8M4N\\HP', 'pid': 14256, 'vms': 15.1875}
{'name': 'msedge.exe', 'username': 'LAPTOP-FE5Q8M4N\\HP', 'pid': 14272, 'vms': 7.359375}
{'name': 'HP.myHP.exe', 'username': 'LAPTOP-FE5Q8M4N\\HP', 'pid': 14368, 'vms': 29.3359375}
{'name': 'svchost.exe', 'username': 'LAPTOP-FE5Q8M4N\\HP', 'pid': 14372, 'vms': 1.62890625}
{'name': 'msedgewebview2.exe', 'username': 'LAPTOP-FE5Q8M4N\\HP', 'pid': 14444, 'vms': 33.046875}
{'name': 'DesktopExtension.exe', 'username': 'LAPTOP-FE5Q8M4N\\HP', 'pid': 14484, 'vms': 40.37109375}
{'name': 'SecurityHealthService.exe', 'username': None, 'pid': 14488, 'vms': 7.41015625}
{'name': 'svchost.exe', 'username': None, 'pid': 14528, 'vms': 1.171875}
{'name': 'winlogon.exe', 'username': None, 'pid': 14632, 'vms': 2.421875}
{'name': 'Code.exe', 'username': 'LAPTOP-FE5Q8M4N\\HP', 'pid': 14744, 'vms': 10.74609375}
{'name': 'Code.exe', 'username': 'LAPTOP-FE5Q8M4N\\HP', 'pid': 14840, 'vms': 281.87890625}
{'name': 'RuntimeBroker.exe', 'username': 'LAPTOP-FE5Q8M4N\\HP', 'pid': 14876, 'vms': 13.19921875}
{'name': 'msedge.exe', 'username': 'LAPTOP-FE5Q8M4N\\HP', 'pid': 14932, 'vms': 78.43359375}
{'name': 'uihost.exe', 'username': 'LAPTOP-FE5Q8M4N\\HP', 'pid': 15008, 'vms': 11.59765625}
{'name': 'msedgewebview2.exe', 'username': 'LAPTOP-FE5Q8M4N\\HP', 'pid': 15116, 'vms': 9.203125}
{'name': 'chrome.exe', 'username': 'LAPTOP-FE5Q8M4N\\HP', 'pid': 15168, 'vms': 110.98828125}
{'name': 'Code.exe', 'username': 'LAPTOP-FE5Q8M4N\\HP', 'pid': 15312, 'vms': 14.10546875}
{'name': 'Code.exe', 'username': 'LAPTOP-FE5Q8M4N\\HP', 'pid': 15380, 'vms': 61.34765625}
{'name': 'DataExchangeHost.exe', 'username': 'LAPTOP-FE5Q8M4N\\HP', 'pid': 15396, 'vms': 12.31640625}
{'name': 'RuntimeBroker.exe', 'username': 'LAPTOP-FE5Q8M4N\\HP', 'pid': 15412, 'vms': 1.9765625}
{'name': 'RuntimeBroker.exe', 'username': 'LAPTOP-FE5Q8M4N\\HP', 'pid': 15468, 'vms': 2.45703125}
{'name': 'msedge.exe', 'username': 'LAPTOP-FE5Q8M4N\\HP', 'pid': 15488, 'vms': 2.0625}
{'name': 'dllhost.exe', 'username': 'LAPTOP-FE5Q8M4N\\HP', 'pid': 15532, 'vms': 1.94140625}
{'name': 'AMDRSSrcExt.exe', 'username': 'LAPTOP-FE5Q8M4N\\HP', 'pid': 15748, 'vms': 44.015625}
{'name': 'chrome.exe', 'username': 'LAPTOP-FE5Q8M4N\\HP', 'pid': 15808, 'vms': 22.1640625}
{'name': 'xampp-control.exe', 'username': 'LAPTOP-FE5Q8M4N\\HP', 'pid': 15824, 'vms': 6.37890625}
{'name': 'chrome.exe', 'username': 'LAPTOP-FE5Q8M4N\\HP', 'pid': 15860, 'vms': 27.56640625}
{'name': 'msedgewebview2.exe', 'username': 'LAPTOP-FE5Q8M4N\\HP', 'pid': 15988, 'vms': 158.16796875}
{'name': 'msedgewebview2.exe', 'username': 'LAPTOP-FE5Q8M4N\\HP', 'pid': 16076, 'vms': 6.84375}
{'name': 'conhost.exe', 'username': 'LAPTOP-FE5Q8M4N\\HP', 'pid': 16248, 'vms': 5.203125}
{'name': 'bash.exe', 'username': 'LAPTOP-FE5Q8M4N\\HP', 'pid': 16500, 'vms': 6.95703125}
{'name': 'figma_agent.exe', 'username': 'LAPTOP-FE5Q8M4N\\HP', 'pid': 16548, 'vms': 6.41015625}
{'name': 'MiPhoneHelper.exe', 'username': 'LAPTOP-FE5Q8M4N\\HP', 'pid': 16640, 'vms': 1.80078125}
{'name': 'msedge.exe', 'username': 'LAPTOP-FE5Q8M4N\\HP', 'pid': 16696, 'vms': 19.1015625}
{'name': 'RadeonSoftware.exe', 'username': 'LAPTOP-FE5Q8M4N\\HP', 'pid': 16812, 'vms': 175.296875}
{'name': 'RuntimeBroker.exe', 'username': 'LAPTOP-FE5Q8M4N\\HP', 'pid': 16816, 'vms': 2.125}
{'name': 'chrome.exe', 'username': 'LAPTOP-FE5Q8M4N\\HP', 'pid': 17076, 'vms': 25.69140625}
{'name': 'msedge.exe', 'username': 'LAPTOP-FE5Q8M4N\\HP', 'pid': 17128, 'vms': 6.6328125}
{'name': 'BridgeCommunication.exe', 'username': 'LAPTOP-FE5Q8M4N\\HP', 'pid': 17168, 'vms': 5.7265625}
{'name': 'RuntimeBroker.exe', 'username': 'LAPTOP-FE5Q8M4N\\HP', 'pid': 17520, 'vms': 3.08984375}
{'name': 'BridgeCommunication.exe', 'username': 'LAPTOP-FE5Q8M4N\\HP', 'pid': 17732, 'vms': 5.81640625}
{'name': 'McUICnt.exe', 'username': 'LAPTOP-FE5Q8M4N\\HP', 'pid': 17880, 'vms': 14.72265625}
{'name': 'mcafee-security.exe', 'username': 'LAPTOP-FE5Q8M4N\\HP', 'pid': 18092, 'vms': 31.60546875}
{'name': 'RuntimeBroker.exe', 'username': 'LAPTOP-FE5Q8M4N\\HP', 'pid': 18240, 'vms': 7.25390625}
{'name': 'svchost.exe', 'username': None, 'pid': 18364, 'vms': 1.42578125}
{'name': 'RuntimeBroker.exe', 'username': 'LAPTOP-FE5Q8M4N\\HP', 'pid': 18464, 'vms': 2.66015625}
{'name': 'chrome.exe', 'username': 'LAPTOP-FE5Q8M4N\\HP', 'pid': 19064, 'vms': 125.53515625}
{'name': 'ApplicationFrameHost.exe', 'username': 'LAPTOP-FE5Q8M4N\\HP', 'pid': 19268, 'vms': 10.83203125}
{'name': 'SearchIndexer.exe', 'username': None, 'pid': 19420, 'vms': 17.65234375}
{'name': 'msedge.exe', 'username': 'LAPTOP-FE5Q8M4N\\HP', 'pid': 19788, 'vms': 39.15625}
{'name': 'taskhostw.exe', 'username': 'LAPTOP-FE5Q8M4N\\HP', 'pid': 20204, 'vms': 6.43359375}
{'name': 'svchost.exe', 'username': None, 'pid': 20700, 'vms': 4.53515625}
{'name': 'LockApp.exe', 'username': 'LAPTOP-FE5Q8M4N\\HP', 'pid': 20956, 'vms': 14.8203125}
{'name': 'RuntimeBroker.exe', 'username': 'LAPTOP-FE5Q8M4N\\HP', 'pid': 21104, 'vms': 3.328125}
{'name': 'RuntimeBroker.exe', 'username': 'LAPTOP-FE5Q8M4N\\HP', 'pid': 21696, 'vms': 1.90625}
{'name': 'msedge.exe', 'username': 'LAPTOP-FE5Q8M4N\\HP', 'pid': 21892, 'vms': 68.1484375}
{'name': 'msedge.exe', 'username': 'LAPTOP-FE5Q8M4N\\HP', 'pid': 22020, 'vms': 14.75}
{'name': 'chrome.exe', 'username': 'LAPTOP-FE5Q8M4N\\HP', 'pid': 22532, 'vms': 23.88671875}
{'name': 'msedge.exe', 'username': 'LAPTOP-FE5Q8M4N\\HP', 'pid': 22676, 'vms': 38.53515625}
{'name': 'chrome.exe', 'username': 'LAPTOP-FE5Q8M4N\\HP', 'pid': 22808, 'vms': 57.75}
{'name': 'chrome.exe', 'username': 'LAPTOP-FE5Q8M4N\\HP', 'pid': 22888, 'vms': 24.0703125}
{'name': 'msedgewebview2.exe', 'username': 'LAPTOP-FE5Q8M4N\\HP', 'pid': 23052, 'vms': 31.61328125}
{'name': 'mintty.exe', 'username': 'LAPTOP-FE5Q8M4N\\HP', 'pid': 23312, 'vms': 7.86328125}
{'name': 'msedgewebview2.exe', 'username': 'LAPTOP-FE5Q8M4N\\HP', 'pid': 23692, 'vms': 8.48046875}
{'name': 'conhost.exe', 'username': 'LAPTOP-FE5Q8M4N\\HP', 'pid': 23768, 'vms': 5.64453125}
{'name': 'powershell.exe', 'username': 'LAPTOP-FE5Q8M4N\\HP', 'pid': 24008, 'vms': 52.12109375}
{'name': 'msedge.exe', 'username': 'LAPTOP-FE5Q8M4N\\HP', 'pid': 24096, 'vms': 11.328125}
{'name': 'OpenConsole.exe', 'username': 'LAPTOP-FE5Q8M4N\\HP', 'pid': 24556, 'vms': 2.16796875}
{'name': 'WhatsApp.exe', 'username': 'LAPTOP-FE5Q8M4N\\HP', 'pid': 24852, 'vms': 46.30078125}
{'name': 'OpenConsole.exe', 'username': 'LAPTOP-FE5Q8M4N\\HP', 'pid': 24932, 'vms': 2.09765625}
{'name': 'OfficeClickToRun.exe', 'username': None, 'pid': 25076, 'vms': 39.34765625}
{'name': 'OneDrive.exe', 'username': 'LAPTOP-FE5Q8M4N\\HP', 'pid': 25396, 'vms': 48.26171875}
{'name': 'msedgewebview2.exe', 'username': 'LAPTOP-FE5Q8M4N\\HP', 'pid': 25708, 'vms': 130.24609375}
{'name': 'AppVShNotify.exe', 'username': 'LAPTOP-FE5Q8M4N\\HP', 'pid': 25832, 'vms': 1.83203125}
{'name': 'chrome.exe', 'username': 'LAPTOP-FE5Q8M4N\\HP', 'pid': 26168, 'vms': 29.94140625}
{'name': 'powershell.exe', 'username': 'LAPTOP-FE5Q8M4N\\HP', 'pid': 26180, 'vms': 54.015625}
{'name': 'python.exe', 'username': 'LAPTOP-FE5Q8M4N\\HP', 'pid': 26264, 'vms': 15.86328125}
{'name': 'SearchHost.exe', 'username': 'LAPTOP-FE5Q8M4N\\HP', 'pid': 26540, 'vms': 112.5}
